2025-09-11 09:19:11 | INFO     | leformat_convertor_server | The log system has been started, log file: /home/lxc/work/robocoin-dataset/robocoin_datasets/server_logs/subtask_annotation/leformat_convertor_server_2025-09-11_09-19-11.log
2025-09-11 09:19:11 | INFO     | leformat_convertor_server | Task server started successfully: ws://0.0.0.0:8765
2025-09-11 09:19:13 | INFO     | leformat_convertor_server | Client registered successfully | ID: subtask_annotation_0 | IP: 172.16.13.93 | Current connections: 1
2025-09-11 09:19:13 | INFO     | leformat_convertor_server | Assigned task task_id to client subtask_annotation_0
2025-09-11 09:19:13 | INFO     | leformat_convertor_server | Received task result | Client ID: subtask_annotation_0 | Task ID: subtask_annotation_0
2025-09-11 09:19:13 | ERROR    | leformat_convertor_server | Error handling task result: 
2025-09-11 09:19:13 | INFO     | leformat_convertor_server | Assigned task task_id to client subtask_annotation_0
2025-09-11 09:19:13 | INFO     | leformat_convertor_server | Received task result | Client ID: subtask_annotation_0 | Task ID: subtask_annotation_1
2025-09-11 09:19:13 | ERROR    | leformat_convertor_server | Error handling task result: 
2025-09-11 09:19:13 | INFO     | leformat_convertor_server | No task available for client subtask_annotation_0
2025-09-11 09:19:28 | INFO     | leformat_convertor_server | Client disconnected | ID: subtask_annotation_0
2025-09-11 09:24:11 | INFO     | leformat_convertor_server | Client registered successfully | ID: subtask_annotation_1 | IP: 172.16.13.93 | Current connections: 1
2025-09-11 09:24:11 | INFO     | leformat_convertor_server | Assigned task task_id to client subtask_annotation_1
2025-09-11 09:24:11 | INFO     | leformat_convertor_server | Received task result | Client ID: subtask_annotation_1 | Task ID: subtask_annotation_2
2025-09-11 09:24:11 | ERROR    | leformat_convertor_server | Error handling task result: 
2025-09-11 09:24:11 | INFO     | leformat_convertor_server | Assigned task task_id to client subtask_annotation_1
2025-09-11 09:24:11 | INFO     | leformat_convertor_server | Received task result | Client ID: subtask_annotation_1 | Task ID: subtask_annotation_3
2025-09-11 09:24:11 | ERROR    | leformat_convertor_server | Error handling task result: 
2025-09-11 09:24:11 | INFO     | leformat_convertor_server | No task available for client subtask_annotation_1
2025-09-11 09:24:26 | INFO     | leformat_convertor_server | Client disconnected | ID: subtask_annotation_1
2025-09-11 09:27:30 | INFO     | leformat_convertor_server | Client registered successfully | ID: subtask_annotation_2 | IP: 172.16.13.93 | Current connections: 1
2025-09-11 09:27:30 | INFO     | leformat_convertor_server | No task available for client subtask_annotation_2
2025-09-11 09:27:45 | INFO     | leformat_convertor_server | Client disconnected | ID: subtask_annotation_2
2025-09-11 09:27:50 | INFO     | leformat_convertor_server | Client registered successfully | ID: subtask_annotation_3 | IP: 172.16.13.93 | Current connections: 1
2025-09-11 09:27:50 | INFO     | leformat_convertor_server | Assigned task task_id to client subtask_annotation_3
2025-09-11 09:27:50 | INFO     | leformat_convertor_server | Received task result | Client ID: subtask_annotation_3 | Task ID: subtask_annotation_4
2025-09-11 09:27:50 | ERROR    | leformat_convertor_server | Error handling task result: 
2025-09-11 09:27:50 | INFO     | leformat_convertor_server | Assigned task task_id to client subtask_annotation_3
2025-09-11 09:27:50 | INFO     | leformat_convertor_server | Received task result | Client ID: subtask_annotation_3 | Task ID: subtask_annotation_5
2025-09-11 09:27:50 | ERROR    | leformat_convertor_server | Error handling task result: 
2025-09-11 09:27:50 | INFO     | leformat_convertor_server | No task available for client subtask_annotation_3
2025-09-11 09:28:05 | INFO     | leformat_convertor_server | Client disconnected | ID: subtask_annotation_3
