2025-08-13 09:46:52 - CONVERT_CSV_TAGS_TO_YAMLS - INFO - Logging is enabled, output to: /home/lxc/work/RobotCoin/examples/datasets/logs/miscellaneous/convert_csv_tags_to_yamls/CONVERT_CSV_TAGS_TO_YAMLS_2025-08-13_09-46-52.log
2025-08-13 09:46:52 - CONVERT_CSV_TAGS_TO_YAMLS - INFO - ❌ Dataset "realman_task_stack_basket_500_4.27" not found, skipping: dataset realman_task_stack_basket_500_4.27 does not exists in /home/lxc/work/RobotCoin/examples/datasets/example_datas
2025-08-13 09:46:52 - CONVERT_CSV_TAGS_TO_YAMLS - INFO - ❌ Dataset "realman_task_build_blocks_500_4.18" not found, skipping: dataset realman_task_build_blocks_500_4.18 does not exists in /home/lxc/work/RobotCoin/examples/datasets/example_datas
2025-08-13 09:46:52 - CONVERT_CSV_TAGS_TO_YAMLS - INFO - ❌ Dataset "realman_task_clean_table_503_4.28" not found, skipping: dataset realman_task_clean_table_503_4.28 does not exists in /home/lxc/work/RobotCoin/examples/datasets/example_datas
2025-08-13 09:46:52 - CONVERT_CSV_TAGS_TO_YAMLS - INFO - ❌ Dataset "realman" not found, skipping: dataset realman does not exists in /home/lxc/work/RobotCoin/examples/datasets/example_datas
2025-08-13 09:46:52 - CONVERT_CSV_TAGS_TO_YAMLS - INFO - ❌ Dataset "realman_task_pour_bowl_repeatedly_500" not found, skipping: dataset realman_task_pour_bowl_repeatedly_500 does not exists in /home/lxc/work/RobotCoin/examples/datasets/example_datas
2025-08-13 09:46:52 - CONVERT_CSV_TAGS_TO_YAMLS - INFO - ❌ Dataset "realman_task_pour_coffee_beans_507_4.30" not found, skipping: dataset realman_task_pour_coffee_beans_507_4.30 does not exists in /home/lxc/work/RobotCoin/examples/datasets/example_datas
2025-08-13 09:46:52 - CONVERT_CSV_TAGS_TO_YAMLS - INFO - ❌ Dataset "realman_task_pour_tea_500_4.25" not found, skipping: dataset realman_task_pour_tea_500_4.25 does not exists in /home/lxc/work/RobotCoin/examples/datasets/example_datas
2025-08-13 09:46:52 - CONVERT_CSV_TAGS_TO_YAMLS - INFO - ❌ Dataset "realman_task_basket_store_peaches_500_5.06" not found, skipping: dataset realman_task_basket_store_peaches_500_5.06 does not exists in /home/lxc/work/RobotCoin/examples/datasets/example_datas
2025-08-13 09:46:52 - CONVERT_CSV_TAGS_TO_YAMLS - INFO - ❌ Dataset "realman" not found, skipping: dataset realman does not exists in /home/lxc/work/RobotCoin/examples/datasets/example_datas
2025-08-13 09:46:52 - CONVERT_CSV_TAGS_TO_YAMLS - INFO - ❌ Dataset "realman_task_Basket_Egg_Yolk_Pastry_300_5.23" not found, skipping: dataset realman_task_Basket_Egg_Yolk_Pastry_300_5.23 does not exists in /home/lxc/work/RobotCoin/examples/datasets/example_datas
2025-08-13 09:46:52 - CONVERT_CSV_TAGS_TO_YAMLS - INFO - ❌ Dataset "realman" not found, skipping: dataset realman does not exists in /home/lxc/work/RobotCoin/examples/datasets/example_datas
2025-08-13 09:46:52 - CONVERT_CSV_TAGS_TO_YAMLS - INFO - ❌ Dataset "realman_task_Basket_peach_300_5.19" not found, skipping: dataset realman_task_Basket_peach_300_5.19 does not exists in /home/lxc/work/RobotCoin/examples/datasets/example_datas
2025-08-13 09:46:52 - CONVERT_CSV_TAGS_TO_YAMLS - INFO - ❌ Dataset "realman_task_stir_coffee_500_4.27" not found, skipping: dataset realman_task_stir_coffee_500_4.27 does not exists in /home/lxc/work/RobotCoin/examples/datasets/example_datas
2025-08-13 09:46:52 - CONVERT_CSV_TAGS_TO_YAMLS - INFO - ❌ Dataset "realman" not found, skipping: dataset realman does not exists in /home/lxc/work/RobotCoin/examples/datasets/example_datas
2025-08-13 09:46:52 - CONVERT_CSV_TAGS_TO_YAMLS - INFO - ❌ Dataset "realman_task_fold_pants_500_4.23" not found, skipping: dataset realman_task_fold_pants_500_4.23 does not exists in /home/lxc/work/RobotCoin/examples/datasets/example_datas
2025-08-13 09:46:52 - CONVERT_CSV_TAGS_TO_YAMLS - INFO - ❌ Dataset "realman_task_Basket_Orange_300_5.19" not found, skipping: dataset realman_task_Basket_Orange_300_5.19 does not exists in /home/lxc/work/RobotCoin/examples/datasets/example_datas
2025-08-13 09:46:52 - CONVERT_CSV_TAGS_TO_YAMLS - INFO - ❌ Dataset "realman_task_Basket_banana_500_5.09" not found, skipping: dataset realman_task_Basket_banana_500_5.09 does not exists in /home/lxc/work/RobotCoin/examples/datasets/example_datas
2025-08-13 09:46:52 - CONVERT_CSV_TAGS_TO_YAMLS - INFO - ❌ Dataset "realman_task_Basket_banana_300_5.19" not found, skipping: dataset realman_task_Basket_banana_300_5.19 does not exists in /home/lxc/work/RobotCoin/examples/datasets/example_datas
2025-08-13 09:46:52 - CONVERT_CSV_TAGS_TO_YAMLS - INFO - ❌ Dataset "realman_task_Test_tube_500_5.07" not found, skipping: dataset realman_task_Test_tube_500_5.07 does not exists in /home/lxc/work/RobotCoin/examples/datasets/example_datas
2025-08-13 09:46:52 - CONVERT_CSV_TAGS_TO_YAMLS - INFO - ❌ Dataset "realman_task_insert_" not found, skipping: dataset realman_task_insert_ does not exists in /home/lxc/work/RobotCoin/examples/datasets/example_datas
2025-08-13 09:46:52 - CONVERT_CSV_TAGS_TO_YAMLS - INFO - ❌ Dataset "realman_task_basket_store_long_bread_500_5.05" not found, skipping: dataset realman_task_basket_store_long_bread_500_5.05 does not exists in /home/lxc/work/RobotCoin/examples/datasets/example_datas
2025-08-13 09:46:52 - CONVERT_CSV_TAGS_TO_YAMLS - INFO - ❌ Dataset "realman" not found, skipping: dataset realman does not exists in /home/lxc/work/RobotCoin/examples/datasets/example_datas
2025-08-13 09:46:52 - CONVERT_CSV_TAGS_TO_YAMLS - INFO - ❌ Dataset "realman_task_Dowd" not found, skipping: dataset realman_task_Dowd does not exists in /home/lxc/work/RobotCoin/examples/datasets/example_datas
2025-08-13 09:46:52 - CONVERT_CSV_TAGS_TO_YAMLS - INFO - ❌ Dataset "realman" not found, skipping: dataset realman does not exists in /home/lxc/work/RobotCoin/examples/datasets/example_datas
2025-08-13 09:46:52 - CONVERT_CSV_TAGS_TO_YAMLS - INFO - ❌ Dataset "realman" not found, skipping: dataset realman does not exists in /home/lxc/work/RobotCoin/examples/datasets/example_datas
2025-08-13 09:46:52 - CONVERT_CSV_TAGS_TO_YAMLS - INFO - ❌ Dataset "realman" not found, skipping: dataset realman does not exists in /home/lxc/work/RobotCoin/examples/datasets/example_datas
2025-08-13 09:46:52 - CONVERT_CSV_TAGS_TO_YAMLS - INFO - ❌ Dataset "realman_task_stack" not found, skipping: dataset realman_task_stack does not exists in /home/lxc/work/RobotCoin/examples/datasets/example_datas
2025-08-13 09:46:52 - CONVERT_CSV_TAGS_TO_YAMLS - INFO - ❌ Dataset "realman_task_Dowd" not found, skipping: dataset realman_task_Dowd does not exists in /home/lxc/work/RobotCoin/examples/datasets/example_datas
2025-08-13 09:46:52 - CONVERT_CSV_TAGS_TO_YAMLS - INFO - ❌ Dataset "realman_task_fold_pants_500_5.29" not found, skipping: dataset realman_task_fold_pants_500_5.29 does not exists in /home/lxc/work/RobotCoin/examples/datasets/example_datas
2025-08-13 09:46:52 - CONVERT_CSV_TAGS_TO_YAMLS - INFO - ❌ Dataset "realman_task_realman" not found, skipping: dataset realman_task_realman does not exists in /home/lxc/work/RobotCoin/examples/datasets/example_datas
2025-08-13 09:46:52 - CONVERT_CSV_TAGS_TO_YAMLS - INFO - ❌ Dataset "realman" not found, skipping: dataset realman does not exists in /home/lxc/work/RobotCoin/examples/datasets/example_datas
2025-08-13 09:46:52 - CONVERT_CSV_TAGS_TO_YAMLS - INFO - ❌ Dataset "realman_task_Palate_storage_500_5.06" not found, skipping: dataset realman_task_Palate_storage_500_5.06 does not exists in /home/lxc/work/RobotCoin/examples/datasets/example_datas
2025-08-13 09:46:52 - CONVERT_CSV_TAGS_TO_YAMLS - INFO - ❌ Dataset "realman_task_desktop_storage_500_4.22" not found, skipping: dataset realman_task_desktop_storage_500_4.22 does not exists in /home/lxc/work/RobotCoin/examples/datasets/example_datas
2025-08-13 09:46:52 - CONVERT_CSV_TAGS_TO_YAMLS - INFO - ❌ Dataset "realman" not found, skipping: dataset realman does not exists in /home/lxc/work/RobotCoin/examples/datasets/example_datas
2025-08-13 09:46:52 - CONVERT_CSV_TAGS_TO_YAMLS - INFO - ❌ Dataset "realman" not found, skipping: dataset realman does not exists in /home/lxc/work/RobotCoin/examples/datasets/example_datas
2025-08-13 09:46:52 - CONVERT_CSV_TAGS_TO_YAMLS - INFO - ❌ Dataset "realman" not found, skipping: dataset realman does not exists in /home/lxc/work/RobotCoin/examples/datasets/example_datas
2025-08-13 09:46:52 - CONVERT_CSV_TAGS_TO_YAMLS - INFO - ❌ Dataset "realman" not found, skipping: dataset realman does not exists in /home/lxc/work/RobotCoin/examples/datasets/example_datas
2025-08-13 09:46:52 - CONVERT_CSV_TAGS_TO_YAMLS - INFO - ❌ Dataset "realman" not found, skipping: dataset realman does not exists in /home/lxc/work/RobotCoin/examples/datasets/example_datas
2025-08-13 09:46:52 - CONVERT_CSV_TAGS_TO_YAMLS - INFO - ❌ Dataset "realman" not found, skipping: dataset realman does not exists in /home/lxc/work/RobotCoin/examples/datasets/example_datas
2025-08-13 09:46:52 - CONVERT_CSV_TAGS_TO_YAMLS - INFO - ❌ Dataset "realman" not found, skipping: dataset realman does not exists in /home/lxc/work/RobotCoin/examples/datasets/example_datas
2025-08-13 09:46:52 - CONVERT_CSV_TAGS_TO_YAMLS - INFO - ❌ Dataset "realman" not found, skipping: dataset realman does not exists in /home/lxc/work/RobotCoin/examples/datasets/example_datas
2025-08-13 09:46:52 - CONVERT_CSV_TAGS_TO_YAMLS - INFO - ❌ Dataset "realman" not found, skipping: dataset realman does not exists in /home/lxc/work/RobotCoin/examples/datasets/example_datas
2025-08-13 09:46:52 - CONVERT_CSV_TAGS_TO_YAMLS - INFO - ❌ Dataset "pika" not found, skipping: dataset pika does not exists in /home/lxc/work/RobotCoin/examples/datasets/example_datas
2025-08-13 09:46:52 - CONVERT_CSV_TAGS_TO_YAMLS - INFO - ❌ Dataset "pika" not found, skipping: dataset pika does not exists in /home/lxc/work/RobotCoin/examples/datasets/example_datas
2025-08-13 09:46:52 - CONVERT_CSV_TAGS_TO_YAMLS - INFO - ❌ Dataset "pika" not found, skipping: dataset pika does not exists in /home/lxc/work/RobotCoin/examples/datasets/example_datas
2025-08-13 09:46:52 - CONVERT_CSV_TAGS_TO_YAMLS - INFO - ❌ Dataset "pika" not found, skipping: dataset pika does not exists in /home/lxc/work/RobotCoin/examples/datasets/example_datas
2025-08-13 09:46:52 - CONVERT_CSV_TAGS_TO_YAMLS - INFO - ❌ Dataset "pika" not found, skipping: dataset pika does not exists in /home/lxc/work/RobotCoin/examples/datasets/example_datas
2025-08-13 09:46:52 - CONVERT_CSV_TAGS_TO_YAMLS - INFO - ❌ Dataset "pika" not found, skipping: dataset pika does not exists in /home/lxc/work/RobotCoin/examples/datasets/example_datas
2025-08-13 09:46:52 - CONVERT_CSV_TAGS_TO_YAMLS - INFO - ❌ Dataset "pika" not found, skipping: dataset pika does not exists in /home/lxc/work/RobotCoin/examples/datasets/example_datas
2025-08-13 09:46:52 - CONVERT_CSV_TAGS_TO_YAMLS - INFO - ❌ Dataset "pika" not found, skipping: dataset pika does not exists in /home/lxc/work/RobotCoin/examples/datasets/example_datas
2025-08-13 09:46:52 - CONVERT_CSV_TAGS_TO_YAMLS - INFO - ❌ Dataset "pika" not found, skipping: dataset pika does not exists in /home/lxc/work/RobotCoin/examples/datasets/example_datas
2025-08-13 09:46:52 - CONVERT_CSV_TAGS_TO_YAMLS - INFO - ❌ Dataset "pika" not found, skipping: dataset pika does not exists in /home/lxc/work/RobotCoin/examples/datasets/example_datas
2025-08-13 09:46:52 - CONVERT_CSV_TAGS_TO_YAMLS - INFO - ❌ Dataset "pika" not found, skipping: dataset pika does not exists in /home/lxc/work/RobotCoin/examples/datasets/example_datas
2025-08-13 09:46:52 - CONVERT_CSV_TAGS_TO_YAMLS - INFO - ❌ Dataset "pika" not found, skipping: dataset pika does not exists in /home/lxc/work/RobotCoin/examples/datasets/example_datas
2025-08-13 09:46:52 - CONVERT_CSV_TAGS_TO_YAMLS - INFO - ❌ Dataset "pika" not found, skipping: dataset pika does not exists in /home/lxc/work/RobotCoin/examples/datasets/example_datas
2025-08-13 09:46:52 - CONVERT_CSV_TAGS_TO_YAMLS - INFO - ❌ Dataset "pika" not found, skipping: dataset pika does not exists in /home/lxc/work/RobotCoin/examples/datasets/example_datas
2025-08-13 09:46:52 - CONVERT_CSV_TAGS_TO_YAMLS - INFO - ❌ Dataset "pika" not found, skipping: dataset pika does not exists in /home/lxc/work/RobotCoin/examples/datasets/example_datas
2025-08-13 09:46:52 - CONVERT_CSV_TAGS_TO_YAMLS - INFO - ❌ Dataset "pika" not found, skipping: dataset pika does not exists in /home/lxc/work/RobotCoin/examples/datasets/example_datas
2025-08-13 09:46:52 - CONVERT_CSV_TAGS_TO_YAMLS - INFO - ❌ Dataset "pika" not found, skipping: dataset pika does not exists in /home/lxc/work/RobotCoin/examples/datasets/example_datas
2025-08-13 09:46:52 - CONVERT_CSV_TAGS_TO_YAMLS - INFO - ❌ Dataset "pika" not found, skipping: dataset pika does not exists in /home/lxc/work/RobotCoin/examples/datasets/example_datas
2025-08-13 09:46:52 - CONVERT_CSV_TAGS_TO_YAMLS - INFO - ❌ Dataset "pika" not found, skipping: dataset pika does not exists in /home/lxc/work/RobotCoin/examples/datasets/example_datas
2025-08-13 09:46:52 - CONVERT_CSV_TAGS_TO_YAMLS - INFO - ❌ Dataset "aloha_task_food_pack_500_5.03" not found, skipping: dataset aloha_task_food_pack_500_5.03 does not exists in /home/lxc/work/RobotCoin/examples/datasets/example_datas
2025-08-13 09:46:52 - CONVERT_CSV_TAGS_TO_YAMLS - INFO - ❌ Dataset "aloha_task_clean_blackboard_500_5.05" not found, skipping: dataset aloha_task_clean_blackboard_500_5.05 does not exists in /home/lxc/work/RobotCoin/examples/datasets/example_datas
2025-08-13 09:46:52 - CONVERT_CSV_TAGS_TO_YAMLS - INFO - ❌ Dataset "aloha" not found, skipping: dataset aloha does not exists in /home/lxc/work/RobotCoin/examples/datasets/example_datas
2025-08-13 09:46:52 - CONVERT_CSV_TAGS_TO_YAMLS - INFO - ❌ Dataset "aloha_task_pour_water_1000_5.09" not found, skipping: dataset aloha_task_pour_water_1000_5.09 does not exists in /home/lxc/work/RobotCoin/examples/datasets/example_datas
2025-08-13 09:46:52 - CONVERT_CSV_TAGS_TO_YAMLS - INFO - ❌ Dataset "aloha" not found, skipping: dataset aloha does not exists in /home/lxc/work/RobotCoin/examples/datasets/example_datas
2025-08-13 09:46:52 - CONVERT_CSV_TAGS_TO_YAMLS - INFO - ❌ Dataset "aloha" not found, skipping: dataset aloha does not exists in /home/lxc/work/RobotCoin/examples/datasets/example_datas
2025-08-13 09:46:52 - CONVERT_CSV_TAGS_TO_YAMLS - INFO - ❌ Dataset "aloha" not found, skipping: dataset aloha does not exists in /home/lxc/work/RobotCoin/examples/datasets/example_datas
2025-08-13 09:46:52 - CONVERT_CSV_TAGS_TO_YAMLS - INFO - ❌ Dataset "aloha" not found, skipping: dataset aloha does not exists in /home/lxc/work/RobotCoin/examples/datasets/example_datas
2025-08-13 09:46:52 - CONVERT_CSV_TAGS_TO_YAMLS - INFO - ❌ Dataset "aloha" not found, skipping: dataset aloha does not exists in /home/lxc/work/RobotCoin/examples/datasets/example_datas
2025-08-13 09:46:52 - CONVERT_CSV_TAGS_TO_YAMLS - INFO - ❌ Dataset "aloha" not found, skipping: dataset aloha does not exists in /home/lxc/work/RobotCoin/examples/datasets/example_datas
2025-08-13 09:46:52 - CONVERT_CSV_TAGS_TO_YAMLS - INFO - ❌ Dataset "aloha_2025.5.30-fold" not found, skipping: dataset aloha_2025.5.30-fold does not exists in /home/lxc/work/RobotCoin/examples/datasets/example_datas
2025-08-13 09:46:52 - CONVERT_CSV_TAGS_TO_YAMLS - INFO - ❌ Dataset "aloha_2025.5.30-fold" not found, skipping: dataset aloha_2025.5.30-fold does not exists in /home/lxc/work/RobotCoin/examples/datasets/example_datas
2025-08-13 09:46:52 - CONVERT_CSV_TAGS_TO_YAMLS - INFO - ❌ Dataset "aloha_2025.5.30-fold" not found, skipping: dataset aloha_2025.5.30-fold does not exists in /home/lxc/work/RobotCoin/examples/datasets/example_datas
2025-08-13 09:46:52 - CONVERT_CSV_TAGS_TO_YAMLS - INFO - ❌ Dataset "aloha_2025.5.30-fold" not found, skipping: dataset aloha_2025.5.30-fold does not exists in /home/lxc/work/RobotCoin/examples/datasets/example_datas
2025-08-13 09:46:52 - CONVERT_CSV_TAGS_TO_YAMLS - INFO - ❌ Dataset "aloha_2025.5.30-fold" not found, skipping: dataset aloha_2025.5.30-fold does not exists in /home/lxc/work/RobotCoin/examples/datasets/example_datas
2025-08-13 09:46:52 - CONVERT_CSV_TAGS_TO_YAMLS - INFO - ❌ Dataset "aloha" not found, skipping: dataset aloha does not exists in /home/lxc/work/RobotCoin/examples/datasets/example_datas
2025-08-13 09:46:52 - CONVERT_CSV_TAGS_TO_YAMLS - INFO - ❌ Dataset "aloha" not found, skipping: dataset aloha does not exists in /home/lxc/work/RobotCoin/examples/datasets/example_datas
2025-08-13 09:46:52 - CONVERT_CSV_TAGS_TO_YAMLS - INFO - ❌ Dataset "aloha" not found, skipping: dataset aloha does not exists in /home/lxc/work/RobotCoin/examples/datasets/example_datas
2025-08-13 09:46:52 - CONVERT_CSV_TAGS_TO_YAMLS - INFO - ❌ Dataset "aloha" not found, skipping: dataset aloha does not exists in /home/lxc/work/RobotCoin/examples/datasets/example_datas
2025-08-13 09:46:52 - CONVERT_CSV_TAGS_TO_YAMLS - INFO - ❌ Dataset "aloha" not found, skipping: dataset aloha does not exists in /home/lxc/work/RobotCoin/examples/datasets/example_datas
2025-08-13 09:46:52 - CONVERT_CSV_TAGS_TO_YAMLS - INFO - ❌ Dataset "aloha" not found, skipping: dataset aloha does not exists in /home/lxc/work/RobotCoin/examples/datasets/example_datas
2025-08-13 09:46:52 - CONVERT_CSV_TAGS_TO_YAMLS - INFO - ❌ Dataset "aloha" not found, skipping: dataset aloha does not exists in /home/lxc/work/RobotCoin/examples/datasets/example_datas
2025-08-13 09:46:52 - CONVERT_CSV_TAGS_TO_YAMLS - INFO - ❌ Dataset "aloha" not found, skipping: dataset aloha does not exists in /home/lxc/work/RobotCoin/examples/datasets/example_datas
2025-08-13 09:46:52 - CONVERT_CSV_TAGS_TO_YAMLS - INFO - ❌ Dataset "aloha" not found, skipping: dataset aloha does not exists in /home/lxc/work/RobotCoin/examples/datasets/example_datas
2025-08-13 09:46:52 - CONVERT_CSV_TAGS_TO_YAMLS - INFO - ❌ Dataset "aloha" not found, skipping: dataset aloha does not exists in /home/lxc/work/RobotCoin/examples/datasets/example_datas
2025-08-13 09:46:52 - CONVERT_CSV_TAGS_TO_YAMLS - INFO - ❌ Dataset "aloha_task_pull_plug_200_4.29" not found, skipping: dataset aloha_task_pull_plug_200_4.29 does not exists in /home/lxc/work/RobotCoin/examples/datasets/example_datas
2025-08-13 09:46:52 - CONVERT_CSV_TAGS_TO_YAMLS - INFO - ❌ Dataset "aloha" not found, skipping: dataset aloha does not exists in /home/lxc/work/RobotCoin/examples/datasets/example_datas
2025-08-13 09:46:52 - CONVERT_CSV_TAGS_TO_YAMLS - INFO - ❌ Dataset "aloha" not found, skipping: dataset aloha does not exists in /home/lxc/work/RobotCoin/examples/datasets/example_datas
2025-08-13 09:46:52 - CONVERT_CSV_TAGS_TO_YAMLS - INFO - ❌ Dataset "aloha" not found, skipping: dataset aloha does not exists in /home/lxc/work/RobotCoin/examples/datasets/example_datas
2025-08-13 09:46:52 - CONVERT_CSV_TAGS_TO_YAMLS - INFO - ❌ Dataset "aloha" not found, skipping: dataset aloha does not exists in /home/lxc/work/RobotCoin/examples/datasets/example_datas
2025-08-13 09:46:52 - CONVERT_CSV_TAGS_TO_YAMLS - INFO - ❌ Dataset "aloha" not found, skipping: dataset aloha does not exists in /home/lxc/work/RobotCoin/examples/datasets/example_datas
2025-08-13 09:46:52 - CONVERT_CSV_TAGS_TO_YAMLS - INFO - ❌ Dataset "aloha" not found, skipping: dataset aloha does not exists in /home/lxc/work/RobotCoin/examples/datasets/example_datas
2025-08-13 09:46:52 - CONVERT_CSV_TAGS_TO_YAMLS - INFO - ❌ Dataset "aloha" not found, skipping: dataset aloha does not exists in /home/lxc/work/RobotCoin/examples/datasets/example_datas
2025-08-13 09:46:52 - CONVERT_CSV_TAGS_TO_YAMLS - INFO - ❌ Dataset "aloha" not found, skipping: dataset aloha does not exists in /home/lxc/work/RobotCoin/examples/datasets/example_datas
2025-08-13 09:46:52 - CONVERT_CSV_TAGS_TO_YAMLS - INFO - ❌ Dataset "aloha" not found, skipping: dataset aloha does not exists in /home/lxc/work/RobotCoin/examples/datasets/example_datas
2025-08-13 09:46:52 - CONVERT_CSV_TAGS_TO_YAMLS - INFO - ❌ Dataset "aloha" not found, skipping: dataset aloha does not exists in /home/lxc/work/RobotCoin/examples/datasets/example_datas
2025-08-13 09:46:52 - CONVERT_CSV_TAGS_TO_YAMLS - INFO - ❌ Dataset "aloha" not found, skipping: dataset aloha does not exists in /home/lxc/work/RobotCoin/examples/datasets/example_datas
2025-08-13 09:46:52 - CONVERT_CSV_TAGS_TO_YAMLS - INFO - ❌ Dataset "aloha" not found, skipping: dataset aloha does not exists in /home/lxc/work/RobotCoin/examples/datasets/example_datas
2025-08-13 09:46:52 - CONVERT_CSV_TAGS_TO_YAMLS - INFO - ❌ Dataset "aloha" not found, skipping: dataset aloha does not exists in /home/lxc/work/RobotCoin/examples/datasets/example_datas
